Using pre-set license

 COMMAND LINE ARGUMENTS:
/Applications/Unity/Hub/Editor/2020.3.8f1/Unity.app/Contents/MacOS/Unity
-adb2
-batchMode
-noUpm
-name
AssetImportWorker0
-projectPath
/Users/maxime/Unity_Projects/THE UNIVERSE
-logFile
Logs/AssetImportWorker0.log
-srvPort
60871
Successfully changed project path to: /Users/maxime/Unity_Projects/THE UNIVERSE
/Users/maxime/Unity_Projects/THE UNIVERSE
Using Asset Import Pipeline V2.
Refreshing native plugins compatible for Editor in 28.52 ms, found 1 plugins.
Preloading 0 native plugins for Editor in 0.00 ms.
Initialize engine version: 2020.3.8f1 (507919d4fff5)
[Subsystems] Discovering subsystems at path /Applications/Unity/Hub/Editor/2020.3.8f1/Unity.app/Contents/Resources/UnitySubsystems
[Subsystems] Discovering subsystems at path /Users/maxime/Unity_Projects/THE UNIVERSE/Assets
GfxDevice: creating device client; threaded=0
2021-12-16 14:04:05.779 Unity[5406:408198] Color LCD preferred device: Intel(R) Iris(TM) Plus Graphics 655 (low power)
2021-12-16 14:04:05.779 Unity[5406:408198] Metal devices available: 1
2021-12-16 14:04:05.779 Unity[5406:408198] 0: Intel(R) Iris(TM) Plus Graphics 655 (low power)
2021-12-16 14:04:05.780 Unity[5406:408198] Using device Intel(R) Iris(TM) Plus Graphics 655 (low power)
Initializing Metal device caps: Intel(R) Iris(TM) Plus Graphics 655
Initialize mono
Mono path[0] = '/Applications/Unity/Hub/Editor/2020.3.8f1/Unity.app/Contents/Managed'
Mono path[1] = '/Applications/Unity/Hub/Editor/2020.3.8f1/Unity.app/Contents/MonoBleedingEdge/lib/mono/unityjit'
Mono config path = '/Applications/Unity/Hub/Editor/2020.3.8f1/Unity.app/Contents/MonoBleedingEdge/etc'
Using monoOptions --debugger-agent=transport=dt_socket,embedding=1,server=y,suspend=n,address=127.0.0.1:56406
Begin MonoManager ReloadAssembly
Registering precompiled unity dll's ...
Register platform support module: /Applications/Unity/Hub/Editor/2020.3.8f1/Unity.app/Contents/PlaybackEngines/MacStandaloneSupport/UnityEditor.OSXStandalone.Extensions.dll
Registered in 0.003053 seconds.
Native extension for OSXStandalone target not found
Refreshing native plugins compatible for Editor in 29.09 ms, found 1 plugins.
Preloading 0 native plugins for Editor in 0.00 ms.
Mono: successfully reloaded assembly
- Completed reload, in  2.742 seconds
Platform modules already initialized, skipping
Registering precompiled user dll's ...
Registered in 0.001248 seconds.
Begin MonoManager ReloadAssembly
Native extension for OSXStandalone target not found
Refreshing native plugins compatible for Editor in 0.35 ms, found 1 plugins.
Preloading 0 native plugins for Editor in 0.00 ms.
Mono: successfully reloaded assembly
- Completed reload, in  1.156 seconds
Platform modules already initialized, skipping
========================================================================
Worker process is ready to serve import requests
Launching external process: /Applications/Unity/Hub/Editor/2020.3.8f1/Unity.app/Contents/Tools/UnityShaderCompiler
Launched and connected shader compiler UnityShaderCompiler after 0.02 seconds
Refreshing native plugins compatible for Editor in 0.26 ms, found 1 plugins.
Preloading 0 native plugins for Editor in 0.00 ms.
Unloading 1181 Unused Serialized files (Serialized files now loaded: 0)
System memory in use before: 118.9 MB.
System memory in use after: 119.0 MB.

Unloading 10 unused Assets to reduce memory usage. Loaded Objects now: 1627.
Total: 1.710421 ms (FindLiveObjects: 0.151308 ms CreateObjectMapping: 0.035977 ms MarkObjects: 1.440020 ms  DeleteObjects: 0.082288 ms)

========================================================================
Received Import Request.
  path: Assets/Scenes/TEST.unity
  artifactKey: Guid(e8c25b334260e45deb89f0f57aa2d208) Importer(815301076,1909f56bfc062723c751e8b465ee728b)
Start importing Assets/Scenes/TEST.unity using Guid(e8c25b334260e45deb89f0f57aa2d208) Importer(815301076,1909f56bfc062723c751e8b465ee728b)  -> (artifact id: '55398d082f8625b21f8d3369c70aad26') in 0.014568 seconds
  Import took 0.018046 seconds .

========================================================================
Received Import Request.
  Time since last request: 9.354058 seconds.
  path: Assets/Scripts/TEST.cs
  artifactKey: Guid(9abda23befe174d3681cf67376002347) Importer(815301076,1909f56bfc062723c751e8b465ee728b)
Start importing Assets/Scripts/TEST.cs using Guid(9abda23befe174d3681cf67376002347) Importer(815301076,1909f56bfc062723c751e8b465ee728b)  -> (artifact id: 'dbd3c6c5e0bf94c7847065075bdcda67') in 0.396267 seconds
  Import took 0.399797 seconds .

========================================================================
Received Prepare
Registering precompiled user dll's ...
Registered in 0.000443 seconds.
Begin MonoManager ReloadAssembly
Native extension for OSXStandalone target not found
Refreshing native plugins compatible for Editor in 0.28 ms, found 1 plugins.
Preloading 0 native plugins for Editor in 0.00 ms.
Mono: successfully reloaded assembly
- Completed reload, in  1.044 seconds
Platform modules already initialized, skipping
Refreshing native plugins compatible for Editor in 0.36 ms, found 1 plugins.
Preloading 0 native plugins for Editor in 0.00 ms.
Unloading 1164 Unused Serialized files (Serialized files now loaded: 0)
System memory in use before: 122.1 MB.
System memory in use after: 122.2 MB.

Unloading 5 unused Assets to reduce memory usage. Loaded Objects now: 1631.
Total: 2.106996 ms (FindLiveObjects: 0.187456 ms CreateObjectMapping: 0.035851 ms MarkObjects: 1.818308 ms  DeleteObjects: 0.064169 ms)

